# JRE version: OpenJDK Runtime Environment (8.0_202-b03) (build 1.8.0_202-release-1483-b03)
# Java VM: OpenJDK 64-Bit Server VM (25.202-b03 mixed mode windows-amd64 compressed oops)
Heap:
 PSYoungGen      total 484352K, used 229137K [0x00000000e0000000, 0x00000000ffe80000, 0x0000000100000000)
  eden space 448512K, 49% used [0x00000000e0000000,0x00000000ed7a9d98,0x00000000fb600000)
  from space 35840K, 23% used [0x00000000fb600000,0x00000000fbe1a750,0x00000000fd900000)
  to   space 35840K, 0% used [0x00000000fdb80000,0x00000000fdb80000,0x00000000ffe80000)
 ParOldGen       total 260096K, used 144250K [0x00000000a0000000, 0x00000000afe00000, 0x00000000e0000000)
  object space 260096K, 55% used [0x00000000a0000000,0x00000000a8cde960,0x00000000afe00000)
 Metaspace       used 101753K, capacity 108498K, committed 108696K, reserved 1144832K
  class space    used 12555K, capacity 13698K, committed 13736K, reserved 1048576K
GC Heap History (10 events):
Event: 9101.805 GC heap before
{Heap before GC invocations=104 (full 7):
 PSYoungGen      total 485376K, used 471232K [0x00000000e0000000, 0x0000000100000000, 0x0000000100000000)
  eden space 447488K, 99% used [0x00000000e0000000,0x00000000fb40bee8,0x00000000fb500000)
  from space 37888K, 65% used [0x00000000fdb00000,0x00000000ff324498,0x0000000100000000)
  to   space 38400K, 0% used [0x00000000fb500000,0x00000000fb500000,0x00000000fda80000)
 ParOldGen       total 260096K, used 142993K [0x00000000a0000000, 0x00000000afe00000, 0x00000000e0000000)
  object space 260096K, 54% used [0x00000000a0000000,0x00000000a8ba4598,0x00000000afe00000)
 Metaspace       used 100507K, capacity 106724K, committed 107032K, reserved 1142784K
  class space    used 12392K, capacity 13445K, committed 13608K, reserved 1048576K
Event: 9101.853 GC heap after
Heap after GC invocations=104 (full 7):
 PSYoungGen      total 473600K, used 25959K [0x00000000e0000000, 0x0000000100000000, 0x0000000100000000)
  eden space 447488K, 0% used [0x00000000e0000000,0x00000000e0000000,0x00000000fb500000)
  from space 26112K, 99% used [0x00000000fb500000,0x00000000fce59f88,0x00000000fce80000)
  to   space 39424K, 0% used [0x00000000fd980000,0x00000000fd980000,0x0000000100000000)
 ParOldGen       total 260096K, used 142993K [0x00000000a0000000, 0x00000000afe00000, 0x00000000e0000000)
  object space 260096K, 54% used [0x00000000a0000000,0x00000000a8ba4598,0x00000000afe00000)
 Metaspace       used 100507K, capacity 106724K, committed 107032K, reserved 1142784K
  class space    used 12392K, capacity 13445K, committed 13608K, reserved 1048576K
}
Event: 9187.536 GC heap before
{Heap before GC invocations=105 (full 7):
 PSYoungGen      total 473600K, used 473447K [0x00000000e0000000, 0x0000000100000000, 0x0000000100000000)
  eden space 447488K, 100% used [0x00000000e0000000,0x00000000fb500000,0x00000000fb500000)
  from space 26112K, 99% used [0x00000000fb500000,0x00000000fce59f88,0x00000000fce80000)
  to   space 39424K, 0% used [0x00000000fd980000,0x00000000fd980000,0x0000000100000000)
 ParOldGen       total 260096K, used 142993K [0x00000000a0000000, 0x00000000afe00000, 0x00000000e0000000)
  object space 260096K, 54% used [0x00000000a0000000,0x00000000a8ba4598,0x00000000afe00000)
 Metaspace       used 100553K, capacity 106724K, committed 107032K, reserved 1142784K
  class space    used 12392K, capacity 13445K, committed 13608K, reserved 1048576K
Event: 9187.586 GC heap after
Heap after GC invocations=105 (full 7):
 PSYoungGen      total 486400K, used 19534K [0x00000000e0000000, 0x0000000100000000, 0x0000000100000000)
  eden space 446976K, 0% used [0x00000000e0000000,0x00000000e0000000,0x00000000fb480000)
  from space 39424K, 49% used [0x00000000fd980000,0x00000000fec93b48,0x0000000100000000)
  to   space 37888K, 0% used [0x00000000fb480000,0x00000000fb480000,0x00000000fd980000)
 ParOldGen       total 260096K, used 143001K [0x00000000a0000000, 0x00000000afe00000, 0x00000000e0000000)
  object space 260096K, 54% used [0x00000000a0000000,0x00000000a8ba6598,0x00000000afe00000)
 Metaspace       used 100553K, capacity 106724K, committed 107032K, reserved 1142784K
  class space    used 12392K, capacity 13445K, committed 13608K, reserved 1048576K
}
Event: 9414.422 GC heap before
{Heap before GC invocations=106 (full 7):
 PSYoungGen      total 486400K, used 466509K [0x00000000e0000000, 0x0000000100000000, 0x0000000100000000)
  eden space 446976K, 99% used [0x00000000e0000000,0x00000000fb47fb08,0x00000000fb480000)
  from space 39424K, 49% used [0x00000000fd980000,0x00000000fec93b48,0x0000000100000000)
  to   space 37888K, 0% used [0x00000000fb480000,0x00000000fb480000,0x00000000fd980000)
 ParOldGen       total 260096K, used 143001K [0x00000000a0000000, 0x00000000afe00000, 0x00000000e0000000)
  object space 260096K, 54% used [0x00000000a0000000,0x00000000a8ba6598,0x00000000afe00000)
 Metaspace       used 100671K, capacity 106848K, committed 107032K, reserved 1142784K
  class space    used 12403K, capacity 13465K, committed 13608K, reserved 1048576K
Event: 9414.449 GC heap after
Heap after GC invocations=106 (full 7):
 PSYoungGen      total 457728K, used 10361K [0x00000000e0000000, 0x00000000ffd80000, 0x0000000100000000)
  eden space 446976K, 0% used [0x00000000e0000000,0x00000000e0000000,0x00000000fb480000)
  from space 10752K, 96% used [0x00000000fb480000,0x00000000fbe9e7d8,0x00000000fbf00000)
  to   space 37376K, 0% used [0x00000000fd900000,0x00000000fd900000,0x00000000ffd80000)
 ParOldGen       total 260096K, used 144106K [0x00000000a0000000, 0x00000000afe00000, 0x00000000e0000000)
  object space 260096K, 55% used [0x00000000a0000000,0x00000000a8cba960,0x00000000afe00000)
 Metaspace       used 100671K, capacity 106848K, committed 107032K, reserved 1142784K
  class space    used 12403K, capacity 13465K, committed 13608K, reserved 1048576K
}
Event: 9420.673 GC heap before
{Heap before GC invocations=107 (full 7):
 PSYoungGen      total 457728K, used 457337K [0x00000000e0000000, 0x00000000ffd80000, 0x0000000100000000)
  eden space 446976K, 100% used [0x00000000e0000000,0x00000000fb480000,0x00000000fb480000)
  from space 10752K, 96% used [0x00000000fb480000,0x00000000fbe9e7d8,0x00000000fbf00000)
  to   space 37376K, 0% used [0x00000000fd900000,0x00000000fd900000,0x00000000ffd80000)
 ParOldGen       total 260096K, used 144106K [0x00000000a0000000, 0x00000000afe00000, 0x00000000e0000000)
  object space 260096K, 55% used [0x00000000a0000000,0x00000000a8cba960,0x00000000afe00000)
 Metaspace       used 100706K, capacity 106890K, committed 107032K, reserved 1142784K
  class space    used 12407K, capacity 13472K, committed 13608K, reserved 1048576K
Event: 9420.746 GC heap after
Heap after GC invocations=107 (full 7):
 PSYoungGen      total 485888K, used 19196K [0x00000000e0000000, 0x0000000100000000, 0x0000000100000000)
  eden space 448512K, 0% used [0x00000000e0000000,0x00000000e0000000,0x00000000fb600000)
  from space 37376K, 51% used [0x00000000fd900000,0x00000000febbf000,0x00000000ffd80000)
  to   space 35840K, 0% used [0x00000000fb600000,0x00000000fb600000,0x00000000fd900000)
 ParOldGen       total 260096K, used 144130K [0x00000000a0000000, 0x00000000afe00000, 0x00000000e0000000)
  object space 260096K, 55% used [0x00000000a0000000,0x00000000a8cc0960,0x00000000afe00000)
 Metaspace       used 100706K, capacity 106890K, committed 107032K, reserved 1142784K
  class space    used 12407K, capacity 13472K, committed 13608K, reserved 1048576K
}
Event: 13971.137 GC heap before
{Heap before GC invocations=108 (full 7):
 PSYoungGen      total 485888K, used 467708K [0x00000000e0000000, 0x0000000100000000, 0x0000000100000000)
  eden space 448512K, 100% used [0x00000000e0000000,0x00000000fb600000,0x00000000fb600000)
  from space 37376K, 51% used [0x00000000fd900000,0x00000000febbf000,0x00000000ffd80000)
  to   space 35840K, 0% used [0x00000000fb600000,0x00000000fb600000,0x00000000fd900000)
 ParOldGen       total 260096K, used 144130K [0x00000000a0000000, 0x00000000afe00000, 0x00000000e0000000)
  object space 260096K, 55% used [0x00000000a0000000,0x00000000a8cc0960,0x00000000afe00000)
 Metaspace       used 101035K, capacity 107588K, committed 107800K, reserved 1142784K
  class space    used 12460K, capacity 13547K, committed 13608K, reserved 1048576K
Event: 13971.193 GC heap after
Heap after GC invocations=108 (full 7):
 PSYoungGen      total 484352K, used 8297K [0x00000000e0000000, 0x00000000ffe80000, 0x0000000100000000)
  eden space 448512K, 0% used [0x00000000e0000000,0x00000000e0000000,0x00000000fb600000)
  from space 35840K, 23% used [0x00000000fb600000,0x00000000fbe1a750,0x00000000fd900000)
  to   space 35840K, 0% used [0x00000000fdb80000,0x00000000fdb80000,0x00000000ffe80000)
 ParOldGen       total 260096K, used 144250K [0x00000000a0000000, 0x00000000afe00000, 0x00000000e0000000)
  object space 260096K, 55% used [0x00000000a0000000,0x00000000a8cde960,0x00000000afe00000)
 Metaspace       used 101035K, capacity 107588K, committed 107800K, reserved 1142784K
  class space    used 12460K, capacity 13547K, committed 13608K, reserved 1048576K
}

